# JRE version: OpenJDK Runtime Environment (11.0.11+9) (build 11.0.11+9-b60-7590822)
# Java VM: OpenJDK 64-Bit Server VM (11.0.11+9-b60-7590822, mixed mode, tiered, compressed oops, g1 gc, windows-amd64)
Heap:
 garbage-first heap   total 194560K, used 81850K [0x0000000080000000, 0x0000000100000000)
  region size 1024K, 18 young (18432K), 6 survivors (6144K)
 Metaspace       used 76211K, capacity 78002K, committed 78156K, reserved 1116160K
  class space    used 9879K, capacity 10533K, committed 10572K, reserved 1048576K
GC Heap History (20 events):
Event: 0.797 GC heap before
{Heap before GC invocations=0 (full 0):
 garbage-first heap   total 194560K, used 29696K [0x0000000080000000, 0x0000000100000000)
  region size 1024K, 24 young (24576K), 0 survivors (0K)
 Metaspace       used 10223K, capacity 10463K, committed 10624K, reserved 1058816K
  class space    used 1063K, capacity 1109K, committed 1152K, reserved 1048576K
}
Event: 0.801 GC heap after
{Heap after GC invocations=1 (full 0):
 garbage-first heap   total 194560K, used 9281K [0x0000000080000000, 0x0000000100000000)
  region size 1024K, 3 young (3072K), 3 survivors (3072K)
 Metaspace       used 10223K, capacity 10463K, committed 10624K, reserved 1058816K
  class space    used 1063K, capacity 1109K, committed 1152K, reserved 1048576K
}
Event: 3.358 GC heap before
{Heap before GC invocations=1 (full 0):
 garbage-first heap   total 194560K, used 107585K [0x0000000080000000, 0x0000000100000000)
  region size 1024K, 100 young (102400K), 3 survivors (3072K)
 Metaspace       used 20557K, capacity 21096K, committed 21248K, reserved 1067008K
  class space    used 2504K, capacity 2690K, committed 2816K, reserved 1048576K
}
Event: 3.368 GC heap after
{Heap after GC invocations=2 (full 0):
 garbage-first heap   total 194560K, used 16564K [0x0000000080000000, 0x0000000100000000)
  region size 1024K, 11 young (11264K), 11 survivors (11264K)
 Metaspace       used 20557K, capacity 21096K, committed 21248K, reserved 1067008K
  class space    used 2504K, capacity 2690K, committed 2816K, reserved 1048576K
}
Event: 4.597 GC heap before
{Heap before GC invocations=3 (full 0):
 garbage-first heap   total 194560K, used 61620K [0x0000000080000000, 0x0000000100000000)
  region size 1024K, 55 young (56320K), 11 survivors (11264K)
 Metaspace       used 25215K, capacity 25811K, committed 26112K, reserved 1071104K
  class space    used 3276K, capacity 3457K, committed 3584K, reserved 1048576K
}
Event: 4.605 GC heap after
{Heap after GC invocations=4 (full 0):
 garbage-first heap   total 194560K, used 18806K [0x0000000080000000, 0x0000000100000000)
  region size 1024K, 3 young (3072K), 3 survivors (3072K)
 Metaspace       used 25215K, capacity 25811K, committed 26112K, reserved 1071104K
  class space    used 3276K, capacity 3457K, committed 3584K, reserved 1048576K
}
Event: 5.889 GC heap before
{Heap before GC invocations=4 (full 0):
 garbage-first heap   total 194560K, used 83318K [0x0000000080000000, 0x0000000100000000)
  region size 1024K, 68 young (69632K), 3 survivors (3072K)
 Metaspace       used 35045K, capacity 35830K, committed 35840K, reserved 1081344K
  class space    used 4544K, capacity 4864K, committed 4864K, reserved 1048576K
}
Event: 5.898 GC heap after
{Heap after GC invocations=5 (full 0):
 garbage-first heap   total 194560K, used 22068K [0x0000000080000000, 0x0000000100000000)
  region size 1024K, 6 young (6144K), 6 survivors (6144K)
 Metaspace       used 35045K, capacity 35830K, committed 35840K, reserved 1081344K
  class space    used 4544K, capacity 4864K, committed 4864K, reserved 1048576K
}
Event: 7.153 GC heap before
{Heap before GC invocations=6 (full 0):
 garbage-first heap   total 194560K, used 133684K [0x0000000080000000, 0x0000000100000000)
  region size 1024K, 112 young (114688K), 6 survivors (6144K)
 Metaspace       used 43725K, capacity 44733K, committed 45004K, reserved 1087488K
  class space    used 5592K, capacity 5966K, committed 6092K, reserved 1048576K
}
Event: 7.164 GC heap after
{Heap after GC invocations=7 (full 0):
 garbage-first heap   total 194560K, used 29264K [0x0000000080000000, 0x0000000100000000)
  region size 1024K, 13 young (13312K), 13 survivors (13312K)
 Metaspace       used 43725K, capacity 44733K, committed 45004K, reserved 1087488K
  class space    used 5592K, capacity 5966K, committed 6092K, reserved 1048576K
}
Event: 9.227 GC heap before
{Heap before GC invocations=7 (full 0):
 garbage-first heap   total 194560K, used 139856K [0x0000000080000000, 0x0000000100000000)
  region size 1024K, 114 young (116736K), 13 survivors (13312K)
 Metaspace       used 50317K, capacity 51562K, committed 51788K, reserved 1093632K
  class space    used 6413K, capacity 6901K, committed 6988K, reserved 1048576K
}
Event: 9.241 GC heap after
{Heap after GC invocations=8 (full 0):
 garbage-first heap   total 194560K, used 49742K [0x0000000080000000, 0x0000000100000000)
  region size 1024K, 15 young (15360K), 15 survivors (15360K)
 Metaspace       used 50317K, capacity 51562K, committed 51788K, reserved 1093632K
  class space    used 6413K, capacity 6901K, committed 6988K, reserved 1048576K
}
Event: 10.233 GC heap before
{Heap before GC invocations=8 (full 0):
 garbage-first heap   total 194560K, used 104014K [0x0000000080000000, 0x0000000100000000)
  region size 1024K, 69 young (70656K), 15 survivors (15360K)
 Metaspace       used 58635K, capacity 60112K, committed 60288K, reserved 1101824K
  class space    used 7436K, capacity 8040K, committed 8140K, reserved 1048576K
}
Event: 10.250 GC heap after
{Heap after GC invocations=9 (full 0):
 garbage-first heap   total 194560K, used 54528K [0x0000000080000000, 0x0000000100000000)
  region size 1024K, 4 young (4096K), 4 survivors (4096K)
 Metaspace       used 58635K, capacity 60112K, committed 60288K, reserved 1101824K
  class space    used 7436K, capacity 8040K, committed 8140K, reserved 1048576K
}
Event: 11.312 GC heap before
{Heap before GC invocations=10 (full 0):
 garbage-first heap   total 194560K, used 133376K [0x0000000080000000, 0x0000000100000000)
  region size 1024K, 81 young (82944K), 4 survivors (4096K)
 Metaspace       used 65606K, capacity 67165K, committed 67404K, reserved 1107968K
  class space    used 8316K, capacity 8923K, committed 9036K, reserved 1048576K
}
Event: 11.320 GC heap after
{Heap after GC invocations=11 (full 0):
 garbage-first heap   total 194560K, used 58667K [0x0000000080000000, 0x0000000100000000)
  region size 1024K, 8 young (8192K), 8 survivors (8192K)
 Metaspace       used 65606K, capacity 67165K, committed 67404K, reserved 1107968K
  class space    used 8316K, capacity 8923K, committed 9036K, reserved 1048576K
}
Event: 12.085 GC heap before
{Heap before GC invocations=12 (full 0):
 garbage-first heap   total 194560K, used 138539K [0x0000000080000000, 0x0000000100000000)
  region size 1024K, 86 young (88064K), 8 survivors (8192K)
 Metaspace       used 70343K, capacity 71955K, committed 72268K, reserved 1112064K
  class space    used 9081K, capacity 9684K, committed 9804K, reserved 1048576K
}
Event: 12.095 GC heap after
{Heap after GC invocations=13 (full 0):
 garbage-first heap   total 194560K, used 64502K [0x0000000080000000, 0x0000000100000000)
  region size 1024K, 11 young (11264K), 11 survivors (11264K)
 Metaspace       used 70343K, capacity 71955K, committed 72268K, reserved 1112064K
  class space    used 9081K, capacity 9684K, committed 9804K, reserved 1048576K
}
Event: 12.924 GC heap before
{Heap before GC invocations=13 (full 0):
 garbage-first heap   total 194560K, used 143350K [0x0000000080000000, 0x0000000100000000)
  region size 1024K, 88 young (90112K), 11 survivors (11264K)
 Metaspace       used 75226K, capacity 77018K, committed 77260K, reserved 1116160K
  class space    used 9739K, capacity 10420K, committed 10444K, reserved 1048576K
}
Event: 12.934 GC heap after
{Heap after GC invocations=14 (full 0):
 garbage-first heap   total 194560K, used 70586K [0x0000000080000000, 0x0000000100000000)
  region size 1024K, 6 young (6144K), 6 survivors (6144K)
 Metaspace       used 75226K, capacity 77018K, committed 77260K, reserved 1116160K
  class space    used 9739K, capacity 10420K, committed 10444K, reserved 1048576K
}

